2024-04-10T07:01:32.544-05:00  INFO 21356 --- [logistica] [main] c.i.logistica.LogisticaApplication       : Starting LogisticaApplication using Java 19.0.1 with PID 21356 (C:\Users\pipo0\OneDrive\Escritorio\ingeneo\ingeneo\target\classes started by pipo0 in C:\Users\pipo0\OneDrive\Escritorio\ingeneo\ingeneo)
2024-04-10T07:01:32.552-05:00  INFO 21356 --- [logistica] [main] c.i.logistica.LogisticaApplication       : No active profile set, falling back to 1 default profile: "default"
2024-04-10T07:01:32.627-05:00  INFO 21356 --- [logistica] [main] .s.b.d.c.l.DockerComposeLifecycleManager : Using Docker Compose file 'C:\Users\pipo0\OneDrive\Escritorio\ingeneo\ingeneo\compose.yaml'
2024-04-10T07:01:35.571-05:00  INFO 21356 --- [logistica] [main] .s.b.d.c.l.DockerComposeLifecycleManager : There are already Docker Compose services running, skipping startup
2024-04-10T07:01:36.430-05:00  INFO 21356 --- [logistica] [main] .s.d.r.c.RepositoryConfigurationDelegate : Bootstrapping Spring Data JPA repositories in DEFAULT mode.
2024-04-10T07:01:36.483-05:00  INFO 21356 --- [logistica] [main] .s.d.r.c.RepositoryConfigurationDelegate : Finished Spring Data repository scanning in 45 ms. Found 3 JPA repository interfaces.
2024-04-10T07:01:36.925-05:00  INFO 21356 --- [logistica] [main] o.s.b.w.embedded.tomcat.TomcatWebServer  : Tomcat initialized with port 8080 (http)
2024-04-10T07:01:36.937-05:00  INFO 21356 --- [logistica] [main] o.apache.catalina.core.StandardService   : Starting service [Tomcat]
2024-04-10T07:01:36.938-05:00  INFO 21356 --- [logistica] [main] o.apache.catalina.core.StandardEngine    : Starting Servlet engine: [Apache Tomcat/10.1.19]
2024-04-10T07:01:37.004-05:00  INFO 21356 --- [logistica] [main] o.a.c.c.C.[Tomcat].[localhost].[/]       : Initializing Spring embedded WebApplicationContext
2024-04-10T07:01:37.005-05:00  INFO 21356 --- [logistica] [main] w.s.c.ServletWebServerApplicationContext : Root WebApplicationContext: initialization completed in 1209 ms
2024-04-10T07:01:37.136-05:00  INFO 21356 --- [logistica] [main] o.hibernate.jpa.internal.util.LogHelper  : HHH000204: Processing PersistenceUnitInfo [name: default]
2024-04-10T07:01:37.195-05:00  INFO 21356 --- [logistica] [main] org.hibernate.Version                    : HHH000412: Hibernate ORM core version 6.4.4.Final
2024-04-10T07:01:37.224-05:00  INFO 21356 --- [logistica] [main] o.h.c.internal.RegionFactoryInitiator    : HHH000026: Second-level cache disabled
2024-04-10T07:01:37.438-05:00  INFO 21356 --- [logistica] [main] o.s.o.j.p.SpringPersistenceUnitInfo      : No LoadTimeWeaver setup: ignoring JPA class transformer
2024-04-10T07:01:37.461-05:00  INFO 21356 --- [logistica] [main] com.zaxxer.hikari.HikariDataSource       : HikariPool-1 - Starting...
2024-04-10T07:01:37.584-05:00  INFO 21356 --- [logistica] [main] com.zaxxer.hikari.pool.HikariPool        : HikariPool-1 - Added connection org.postgresql.jdbc.PgConnection@2e4d4d22
2024-04-10T07:01:37.586-05:00  INFO 21356 --- [logistica] [main] com.zaxxer.hikari.HikariDataSource       : HikariPool-1 - Start completed.
2024-04-10T07:01:37.613-05:00  WARN 21356 --- [logistica] [main] org.hibernate.orm.deprecation            : HHH90000025: PostgreSQLDialect does not need to be specified explicitly using 'hibernate.dialect' (remove the property setting and it will be selected by default)
2024-04-10T07:01:38.462-05:00  INFO 21356 --- [logistica] [main] o.h.e.t.j.p.i.JtaPlatformInitiator       : HHH000489: No JTA platform available (set 'hibernate.transaction.jta.platform' to enable JTA platform integration)
2024-04-10T07:01:38.538-05:00  INFO 21356 --- [logistica] [main] j.LocalContainerEntityManagerFactoryBean : Initialized JPA EntityManagerFactory for persistence unit 'default'
2024-04-10T07:01:38.856-05:00  WARN 21356 --- [logistica] [main] JpaBaseConfiguration$JpaWebConfiguration : spring.jpa.open-in-view is enabled by default. Therefore, database queries may be performed during view rendering. Explicitly configure spring.jpa.open-in-view to disable this warning
2024-04-10T07:01:39.600-05:00  INFO 21356 --- [logistica] [main] o.s.s.web.DefaultSecurityFilterChain     : Will secure any request with [org.springframework.security.web.session.DisableEncodeUrlFilter@5efa05f9, org.springframework.security.web.context.request.async.WebAsyncManagerIntegrationFilter@515555b, org.springframework.security.web.context.SecurityContextHolderFilter@5c3ad125, org.springframework.security.web.header.HeaderWriterFilter@1c4a8c93, org.springframework.security.web.authentication.logout.LogoutFilter@8d5b303, org.springframework.security.web.authentication.www.BasicAuthenticationFilter@18487f92, org.springframework.security.web.savedrequest.RequestCacheAwareFilter@1deca369, org.springframework.security.web.servletapi.SecurityContextHolderAwareRequestFilter@2d0ce8a1, org.springframework.security.web.authentication.AnonymousAuthenticationFilter@58e2af93, org.springframework.security.web.access.ExceptionTranslationFilter@216c6825, org.springframework.security.web.access.intercept.AuthorizationFilter@77c1a7ce]
2024-04-10T07:01:39.882-05:00  INFO 21356 --- [logistica] [main] o.s.b.w.embedded.tomcat.TomcatWebServer  : Tomcat started on port 8080 (http) with context path ''
2024-04-10T07:01:39.891-05:00  INFO 21356 --- [logistica] [main] c.i.logistica.LogisticaApplication       : Started LogisticaApplication in 7.682 seconds (process running for 8.37)
2024-04-10T07:03:21.153-05:00  INFO 9256 --- [logistica] [main] c.i.logistica.LogisticaApplicationTests  : Starting LogisticaApplicationTests using Java 17.0.6 with PID 9256 (started by pipo0 in C:\Users\pipo0\OneDrive\Escritorio\ingeneo\ingeneo)
2024-04-10T07:03:21.155-05:00  INFO 9256 --- [logistica] [main] c.i.logistica.LogisticaApplicationTests  : No active profile set, falling back to 1 default profile: "default"
2024-04-10T07:03:21.965-05:00  INFO 9256 --- [logistica] [main] .s.d.r.c.RepositoryConfigurationDelegate : Bootstrapping Spring Data JPA repositories in DEFAULT mode.
2024-04-10T07:03:22.030-05:00  INFO 9256 --- [logistica] [main] .s.d.r.c.RepositoryConfigurationDelegate : Finished Spring Data repository scanning in 57 ms. Found 3 JPA repository interfaces.
2024-04-10T07:03:22.629-05:00  INFO 9256 --- [logistica] [main] o.hibernate.jpa.internal.util.LogHelper  : HHH000204: Processing PersistenceUnitInfo [name: default]
2024-04-10T07:03:22.734-05:00  INFO 9256 --- [logistica] [main] org.hibernate.Version                    : HHH000412: Hibernate ORM core version 6.4.4.Final
2024-04-10T07:03:22.803-05:00  INFO 9256 --- [logistica] [main] o.h.c.internal.RegionFactoryInitiator    : HHH000026: Second-level cache disabled
2024-04-10T07:03:23.024-05:00  INFO 9256 --- [logistica] [main] o.s.o.j.p.SpringPersistenceUnitInfo      : No LoadTimeWeaver setup: ignoring JPA class transformer
2024-04-10T07:03:23.075-05:00  INFO 9256 --- [logistica] [main] com.zaxxer.hikari.HikariDataSource       : HikariPool-1 - Starting...
2024-04-10T07:03:23.337-05:00  INFO 9256 --- [logistica] [main] com.zaxxer.hikari.pool.HikariPool        : HikariPool-1 - Added connection org.postgresql.jdbc.PgConnection@55b78dad
2024-04-10T07:03:23.341-05:00  INFO 9256 --- [logistica] [main] com.zaxxer.hikari.HikariDataSource       : HikariPool-1 - Start completed.
2024-04-10T07:03:23.386-05:00  WARN 9256 --- [logistica] [main] org.hibernate.orm.deprecation            : HHH90000025: PostgreSQLDialect does not need to be specified explicitly using 'hibernate.dialect' (remove the property setting and it will be selected by default)
2024-04-10T07:03:24.511-05:00  INFO 9256 --- [logistica] [main] o.h.e.t.j.p.i.JtaPlatformInitiator       : HHH000489: No JTA platform available (set 'hibernate.transaction.jta.platform' to enable JTA platform integration)
2024-04-10T07:03:24.589-05:00  INFO 9256 --- [logistica] [main] j.LocalContainerEntityManagerFactoryBean : Initialized JPA EntityManagerFactory for persistence unit 'default'
2024-04-10T07:03:25.203-05:00  WARN 9256 --- [logistica] [main] JpaBaseConfiguration$JpaWebConfiguration : spring.jpa.open-in-view is enabled by default. Therefore, database queries may be performed during view rendering. Explicitly configure spring.jpa.open-in-view to disable this warning
2024-04-10T07:03:26.405-05:00  INFO 9256 --- [logistica] [main] o.s.s.web.DefaultSecurityFilterChain     : Will secure any request with [org.springframework.security.web.session.DisableEncodeUrlFilter@557635ca, org.springframework.security.web.context.request.async.WebAsyncManagerIntegrationFilter@1c298769, org.springframework.security.web.context.SecurityContextHolderFilter@447cdbaa, org.springframework.security.web.header.HeaderWriterFilter@4f2ab774, org.springframework.security.web.authentication.logout.LogoutFilter@6b351a54, org.springframework.security.web.authentication.www.BasicAuthenticationFilter@5f51f320, org.springframework.security.web.savedrequest.RequestCacheAwareFilter@6f67291f, org.springframework.security.web.servletapi.SecurityContextHolderAwareRequestFilter@1243ad9a, org.springframework.security.web.authentication.AnonymousAuthenticationFilter@4cb1af3f, org.springframework.security.web.access.ExceptionTranslationFilter@7740028a, org.springframework.security.web.access.intercept.AuthorizationFilter@5d6e77a4]
2024-04-10T07:03:26.843-05:00  INFO 9256 --- [logistica] [main] c.i.logistica.LogisticaApplicationTests  : Started LogisticaApplicationTests in 6.055 seconds (process running for 9.508)
2024-04-10T07:03:26.937-05:00  INFO 9256 --- [logistica] [SpringApplicationShutdownHook] j.LocalContainerEntityManagerFactoryBean : Closing JPA EntityManagerFactory for persistence unit 'default'
2024-04-10T07:03:26.942-05:00  INFO 9256 --- [logistica] [SpringApplicationShutdownHook] com.zaxxer.hikari.HikariDataSource       : HikariPool-1 - Shutdown initiated...
2024-04-10T07:03:26.948-05:00  INFO 9256 --- [logistica] [SpringApplicationShutdownHook] com.zaxxer.hikari.HikariDataSource       : HikariPool-1 - Shutdown completed.
2024-04-10T07:25:19.552-05:00  INFO 21356 --- [logistica] [RMI TCP Connection(33)-127.0.0.1] inMXBeanRegistrar$SpringApplicationAdmin : Application shutdown requested.
2024-04-10T07:25:19.576-05:00  INFO 21356 --- [logistica] [RMI TCP Connection(33)-127.0.0.1] j.LocalContainerEntityManagerFactoryBean : Closing JPA EntityManagerFactory for persistence unit 'default'
2024-04-10T07:25:19.579-05:00  INFO 21356 --- [logistica] [RMI TCP Connection(33)-127.0.0.1] com.zaxxer.hikari.HikariDataSource       : HikariPool-1 - Shutdown initiated...
2024-04-10T07:25:19.581-05:00  INFO 21356 --- [logistica] [RMI TCP Connection(33)-127.0.0.1] com.zaxxer.hikari.HikariDataSource       : HikariPool-1 - Shutdown completed.
2024-04-10T07:36:54.338-05:00  INFO 24368 --- [logistica] [main] c.i.logistica.LogisticaApplication       : Starting LogisticaApplication using Java 19.0.1 with PID 24368 (C:\Users\pipo0\OneDrive\Escritorio\ingeneo\ingeneo\target\classes started by pipo0 in C:\Users\pipo0\OneDrive\Escritorio\ingeneo\ingeneo)
2024-04-10T07:36:54.340-05:00  INFO 24368 --- [logistica] [main] c.i.logistica.LogisticaApplication       : No active profile set, falling back to 1 default profile: "default"
2024-04-10T07:36:54.391-05:00  INFO 24368 --- [logistica] [main] .s.b.d.c.l.DockerComposeLifecycleManager : Using Docker Compose file 'C:\Users\pipo0\OneDrive\Escritorio\ingeneo\ingeneo\compose.yaml'
2024-04-10T07:36:56.695-05:00  INFO 24368 --- [logistica] [OutputReader-stderr] o.s.boot.docker.compose.core.DockerCli   :  Network ingeneo_default  Creating
2024-04-10T07:36:56.729-05:00  INFO 24368 --- [logistica] [OutputReader-stderr] o.s.boot.docker.compose.core.DockerCli   :  Network ingeneo_default  Created
2024-04-10T07:36:56.729-05:00  INFO 24368 --- [logistica] [OutputReader-stderr] o.s.boot.docker.compose.core.DockerCli   :  Container ingeneo-postgres-1  Creating
2024-04-10T07:36:56.783-05:00  INFO 24368 --- [logistica] [OutputReader-stderr] o.s.boot.docker.compose.core.DockerCli   :  Container ingeneo-postgres-1  Created
2024-04-10T07:36:56.790-05:00  INFO 24368 --- [logistica] [OutputReader-stderr] o.s.boot.docker.compose.core.DockerCli   :  Container ingeneo-postgres-1  Starting
2024-04-10T07:36:56.966-05:00  INFO 24368 --- [logistica] [OutputReader-stderr] o.s.boot.docker.compose.core.DockerCli   :  Container ingeneo-postgres-1  Started
2024-04-10T07:36:56.967-05:00  INFO 24368 --- [logistica] [OutputReader-stderr] o.s.boot.docker.compose.core.DockerCli   :  Container ingeneo-postgres-1  Waiting
2024-04-10T07:36:57.482-05:00  INFO 24368 --- [logistica] [OutputReader-stderr] o.s.boot.docker.compose.core.DockerCli   :  Container ingeneo-postgres-1  Healthy
2024-04-10T07:36:59.081-05:00  INFO 24368 --- [logistica] [main] .s.d.r.c.RepositoryConfigurationDelegate : Bootstrapping Spring Data JPA repositories in DEFAULT mode.
2024-04-10T07:36:59.131-05:00  INFO 24368 --- [logistica] [main] .s.d.r.c.RepositoryConfigurationDelegate : Finished Spring Data repository scanning in 43 ms. Found 3 JPA repository interfaces.
2024-04-10T07:36:59.551-05:00  INFO 24368 --- [logistica] [main] o.s.b.w.embedded.tomcat.TomcatWebServer  : Tomcat initialized with port 8080 (http)
2024-04-10T07:36:59.560-05:00  INFO 24368 --- [logistica] [main] o.apache.catalina.core.StandardService   : Starting service [Tomcat]
2024-04-10T07:36:59.560-05:00  INFO 24368 --- [logistica] [main] o.apache.catalina.core.StandardEngine    : Starting Servlet engine: [Apache Tomcat/10.1.19]
2024-04-10T07:36:59.630-05:00  INFO 24368 --- [logistica] [main] o.a.c.c.C.[Tomcat].[localhost].[/]       : Initializing Spring embedded WebApplicationContext
2024-04-10T07:36:59.630-05:00  INFO 24368 --- [logistica] [main] w.s.c.ServletWebServerApplicationContext : Root WebApplicationContext: initialization completed in 1111 ms
2024-04-10T07:36:59.757-05:00  INFO 24368 --- [logistica] [main] o.hibernate.jpa.internal.util.LogHelper  : HHH000204: Processing PersistenceUnitInfo [name: default]
2024-04-10T07:36:59.805-05:00  INFO 24368 --- [logistica] [main] org.hibernate.Version                    : HHH000412: Hibernate ORM core version 6.4.4.Final
2024-04-10T07:36:59.834-05:00  INFO 24368 --- [logistica] [main] o.h.c.internal.RegionFactoryInitiator    : HHH000026: Second-level cache disabled
2024-04-10T07:37:00.050-05:00  INFO 24368 --- [logistica] [main] o.s.o.j.p.SpringPersistenceUnitInfo      : No LoadTimeWeaver setup: ignoring JPA class transformer
2024-04-10T07:37:00.073-05:00  INFO 24368 --- [logistica] [main] com.zaxxer.hikari.HikariDataSource       : HikariPool-1 - Starting...
2024-04-10T07:37:00.196-05:00  INFO 24368 --- [logistica] [main] com.zaxxer.hikari.pool.HikariPool        : HikariPool-1 - Added connection org.postgresql.jdbc.PgConnection@c5a2d5
2024-04-10T07:37:00.197-05:00  INFO 24368 --- [logistica] [main] com.zaxxer.hikari.HikariDataSource       : HikariPool-1 - Start completed.
2024-04-10T07:37:00.223-05:00  WARN 24368 --- [logistica] [main] org.hibernate.orm.deprecation            : HHH90000025: PostgreSQLDialect does not need to be specified explicitly using 'hibernate.dialect' (remove the property setting and it will be selected by default)
2024-04-10T07:37:01.045-05:00  INFO 24368 --- [logistica] [main] o.h.e.t.j.p.i.JtaPlatformInitiator       : HHH000489: No JTA platform available (set 'hibernate.transaction.jta.platform' to enable JTA platform integration)
2024-04-10T07:37:01.156-05:00  INFO 24368 --- [logistica] [main] j.LocalContainerEntityManagerFactoryBean : Initialized JPA EntityManagerFactory for persistence unit 'default'
2024-04-10T07:37:01.472-05:00  WARN 24368 --- [logistica] [main] JpaBaseConfiguration$JpaWebConfiguration : spring.jpa.open-in-view is enabled by default. Therefore, database queries may be performed during view rendering. Explicitly configure spring.jpa.open-in-view to disable this warning
2024-04-10T07:37:02.120-05:00  INFO 24368 --- [logistica] [main] o.s.s.web.DefaultSecurityFilterChain     : Will secure any request with [org.springframework.security.web.session.DisableEncodeUrlFilter@193710c3, org.springframework.security.web.context.request.async.WebAsyncManagerIntegrationFilter@eb23b9c, org.springframework.security.web.context.SecurityContextHolderFilter@4101e146, org.springframework.security.web.header.HeaderWriterFilter@58dd1d0c, org.springframework.security.web.authentication.logout.LogoutFilter@2a0d8df8, org.springframework.security.web.authentication.www.BasicAuthenticationFilter@360432d3, org.springframework.security.web.savedrequest.RequestCacheAwareFilter@74597c37, org.springframework.security.web.servletapi.SecurityContextHolderAwareRequestFilter@cd9ce76, org.springframework.security.web.authentication.AnonymousAuthenticationFilter@314407dd, org.springframework.security.web.access.ExceptionTranslationFilter@628b1538, org.springframework.security.web.access.intercept.AuthorizationFilter@1c4a8c93]
2024-04-10T07:37:02.391-05:00  INFO 24368 --- [logistica] [main] o.s.b.w.embedded.tomcat.TomcatWebServer  : Tomcat started on port 8080 (http) with context path ''
2024-04-10T07:37:02.398-05:00  INFO 24368 --- [logistica] [main] c.i.logistica.LogisticaApplication       : Started LogisticaApplication in 8.392 seconds (process running for 9.12)
2024-04-10T07:37:54.755-05:00  INFO 8856 --- [logistica] [main] c.i.logistica.LogisticaApplicationTests  : Starting LogisticaApplicationTests using Java 17.0.6 with PID 8856 (started by pipo0 in C:\Users\pipo0\OneDrive\Escritorio\ingeneo\ingeneo)
2024-04-10T07:37:54.758-05:00  INFO 8856 --- [logistica] [main] c.i.logistica.LogisticaApplicationTests  : No active profile set, falling back to 1 default profile: "default"
2024-04-10T07:37:55.589-05:00  INFO 8856 --- [logistica] [main] .s.d.r.c.RepositoryConfigurationDelegate : Bootstrapping Spring Data JPA repositories in DEFAULT mode.
2024-04-10T07:37:55.665-05:00  INFO 8856 --- [logistica] [main] .s.d.r.c.RepositoryConfigurationDelegate : Finished Spring Data repository scanning in 65 ms. Found 3 JPA repository interfaces.
2024-04-10T07:37:56.249-05:00  INFO 8856 --- [logistica] [main] o.hibernate.jpa.internal.util.LogHelper  : HHH000204: Processing PersistenceUnitInfo [name: default]
2024-04-10T07:37:56.345-05:00  INFO 8856 --- [logistica] [main] org.hibernate.Version                    : HHH000412: Hibernate ORM core version 6.4.4.Final
2024-04-10T07:37:56.405-05:00  INFO 8856 --- [logistica] [main] o.h.c.internal.RegionFactoryInitiator    : HHH000026: Second-level cache disabled
2024-04-10T07:37:56.562-05:00  INFO 8856 --- [logistica] [main] o.s.o.j.p.SpringPersistenceUnitInfo      : No LoadTimeWeaver setup: ignoring JPA class transformer
2024-04-10T07:37:56.594-05:00  INFO 8856 --- [logistica] [main] com.zaxxer.hikari.HikariDataSource       : HikariPool-1 - Starting...
2024-04-10T07:37:56.809-05:00  INFO 8856 --- [logistica] [main] com.zaxxer.hikari.pool.HikariPool        : HikariPool-1 - Added connection org.postgresql.jdbc.PgConnection@735dc133
2024-04-10T07:37:56.811-05:00  INFO 8856 --- [logistica] [main] com.zaxxer.hikari.HikariDataSource       : HikariPool-1 - Start completed.
2024-04-10T07:37:56.842-05:00  WARN 8856 --- [logistica] [main] org.hibernate.orm.deprecation            : HHH90000025: PostgreSQLDialect does not need to be specified explicitly using 'hibernate.dialect' (remove the property setting and it will be selected by default)
2024-04-10T07:37:58.054-05:00  INFO 8856 --- [logistica] [main] o.h.e.t.j.p.i.JtaPlatformInitiator       : HHH000489: No JTA platform available (set 'hibernate.transaction.jta.platform' to enable JTA platform integration)
2024-04-10T07:37:58.153-05:00  INFO 8856 --- [logistica] [main] j.LocalContainerEntityManagerFactoryBean : Initialized JPA EntityManagerFactory for persistence unit 'default'
2024-04-10T07:37:58.749-05:00  WARN 8856 --- [logistica] [main] JpaBaseConfiguration$JpaWebConfiguration : spring.jpa.open-in-view is enabled by default. Therefore, database queries may be performed during view rendering. Explicitly configure spring.jpa.open-in-view to disable this warning
2024-04-10T07:37:59.962-05:00  INFO 8856 --- [logistica] [main] o.s.s.web.DefaultSecurityFilterChain     : Will secure any request with [org.springframework.security.web.session.DisableEncodeUrlFilter@51be4bf5, org.springframework.security.web.context.request.async.WebAsyncManagerIntegrationFilter@54b48b, org.springframework.security.web.context.SecurityContextHolderFilter@7b128cd2, org.springframework.security.web.header.HeaderWriterFilter@3c42dc9f, org.springframework.security.web.authentication.logout.LogoutFilter@4146577c, org.springframework.security.web.authentication.www.BasicAuthenticationFilter@2e8ff687, org.springframework.security.web.savedrequest.RequestCacheAwareFilter@447dec7e, org.springframework.security.web.servletapi.SecurityContextHolderAwareRequestFilter@1edad178, org.springframework.security.web.authentication.AnonymousAuthenticationFilter@481d6644, org.springframework.security.web.access.ExceptionTranslationFilter@78d3578e, org.springframework.security.web.access.intercept.AuthorizationFilter@4b2713b1]
2024-04-10T07:38:00.470-05:00  INFO 8856 --- [logistica] [main] c.i.logistica.LogisticaApplicationTests  : Started LogisticaApplicationTests in 6.055 seconds (process running for 9.861)
2024-04-10T07:38:00.532-05:00  INFO 8856 --- [logistica] [SpringApplicationShutdownHook] j.LocalContainerEntityManagerFactoryBean : Closing JPA EntityManagerFactory for persistence unit 'default'
2024-04-10T07:38:00.536-05:00  INFO 8856 --- [logistica] [SpringApplicationShutdownHook] com.zaxxer.hikari.HikariDataSource       : HikariPool-1 - Shutdown initiated...
2024-04-10T07:38:00.547-05:00  INFO 8856 --- [logistica] [SpringApplicationShutdownHook] com.zaxxer.hikari.HikariDataSource       : HikariPool-1 - Shutdown completed.
2024-04-10T07:44:54.762-05:00  INFO 24368 --- [logistica] [RMI TCP Connection(15)-127.0.0.1] inMXBeanRegistrar$SpringApplicationAdmin : Application shutdown requested.
2024-04-10T07:44:54.787-05:00  INFO 24368 --- [logistica] [RMI TCP Connection(15)-127.0.0.1] j.LocalContainerEntityManagerFactoryBean : Closing JPA EntityManagerFactory for persistence unit 'default'
2024-04-10T07:44:54.789-05:00  INFO 24368 --- [logistica] [RMI TCP Connection(15)-127.0.0.1] com.zaxxer.hikari.HikariDataSource       : HikariPool-1 - Shutdown initiated...
2024-04-10T07:44:54.791-05:00  INFO 24368 --- [logistica] [RMI TCP Connection(15)-127.0.0.1] com.zaxxer.hikari.HikariDataSource       : HikariPool-1 - Shutdown completed.
